<?xml version="1.0" encoding="UTF-8"?>
<!-- Generated by org.testng.reporters.JUnitReportReporter -->
<testsuite hostname="LMC-LT-070" failures="0" tests="1" name="S" time="0.017" errors="0" timestamp="2022-07-29T15:48:11 IST" skipped="0">
  <testcase classname="S" name="sample" time="0.017"/>
  <system-out/>
</testsuite> <!-- S -->
