<?xml version="1.0" encoding="UTF-8"?>
<!-- Generated by org.testng.reporters.JUnitReportReporter -->
<testsuite hostname="LMC-LT-070" failures="0" tests="1" name="Basic_Test_Scripts" time="5.101" errors="0" timestamp="2022-08-05T13:13:41 IST" skipped="0">
  <testcase classname="Basic_Test_Scripts" name="Sample" time="5.101"/>
  <system-out/>
</testsuite> <!-- Basic_Test_Scripts -->
